c:\users\ezlen\documents\visual studio 2015\projects\cpp_2015_ceid\cpp_2015_ceid\debug\vc140.pdb
c:\users\ezlen\documents\visual studio 2015\projects\cpp_2015_ceid\cpp_2015_ceid\debug\vc140.idb
c:\users\ezlen\documents\visual studio 2015\projects\cpp_2015_ceid\cpp_2015_ceid\debug\commercial.obj
c:\users\ezlen\documents\visual studio 2015\projects\cpp_2015_ceid\cpp_2015_ceid\debug\explorer.obj
c:\users\ezlen\documents\visual studio 2015\projects\cpp_2015_ceid\cpp_2015_ceid\debug\gridpoint.obj
c:\users\ezlen\documents\visual studio 2015\projects\cpp_2015_ceid\cpp_2015_ceid\debug\main.obj
c:\users\ezlen\documents\visual studio 2015\projects\cpp_2015_ceid\cpp_2015_ceid\debug\passenger.obj
c:\users\ezlen\documents\visual studio 2015\projects\cpp_2015_ceid\cpp_2015_ceid\debug\pirate.obj
c:\users\ezlen\documents\visual studio 2015\projects\cpp_2015_ceid\cpp_2015_ceid\debug\service.obj
c:\users\ezlen\documents\visual studio 2015\projects\cpp_2015_ceid\cpp_2015_ceid\debug\ship.obj
c:\users\ezlen\documents\visual studio 2015\projects\cpp_2015_ceid\cpp_2015_ceid\debug\tanker.obj
c:\users\ezlen\documents\visual studio 2015\projects\cpp_2015_ceid\debug\cpp_2015_ceid.ilk
c:\users\ezlen\documents\visual studio 2015\projects\cpp_2015_ceid\debug\cpp_2015_ceid.exe
c:\users\ezlen\documents\visual studio 2015\projects\cpp_2015_ceid\debug\cpp_2015_ceid.pdb
c:\users\ezlen\documents\visual studio 2015\projects\cpp_2015_ceid\cpp_2015_ceid\debug\cpp_2015_ceid.tlog\cl.command.1.tlog
c:\users\ezlen\documents\visual studio 2015\projects\cpp_2015_ceid\cpp_2015_ceid\debug\cpp_2015_ceid.tlog\cl.read.1.tlog
c:\users\ezlen\documents\visual studio 2015\projects\cpp_2015_ceid\cpp_2015_ceid\debug\cpp_2015_ceid.tlog\cl.write.1.tlog
c:\users\ezlen\documents\visual studio 2015\projects\cpp_2015_ceid\cpp_2015_ceid\debug\cpp_2015_ceid.tlog\link.command.1.tlog
c:\users\ezlen\documents\visual studio 2015\projects\cpp_2015_ceid\cpp_2015_ceid\debug\cpp_2015_ceid.tlog\link.read.1.tlog
c:\users\ezlen\documents\visual studio 2015\projects\cpp_2015_ceid\cpp_2015_ceid\debug\cpp_2015_ceid.tlog\link.write.1.tlog
