Build started 13/1/2016 5:39:37 μμ.
     1>Project "C:\Users\Ezlen\documents\visual studio 2015\Projects\Cpp_2015_CEID\Cpp_2015_CEID\Cpp_2015_CEID.vcxproj" on node 2 (Rebuild target(s)).
     1>ClCompile:
         C:\Program Files (x86)\Microsoft Visual Studio 14.0\VC\bin\CL.exe /c /ZI /nologo /W3 /WX- /sdl /Od /Oy- /D WIN32 /D _DEBUG /D _CONSOLE /D _UNICODE /D UNICODE /Gm /EHsc /RTC1 /MDd /GS /fp:precise /Zc:wchar_t /Zc:forScope /Zc:inline /Fo"Debug\\" /Fd"Debug\vc140.pdb" /Gd /TP /analyze- /errorReport:prompt Commercial.cpp Explorer.cpp GridPoint.cpp Main.cpp Passenger.cpp Pirate.cpp Service.cpp Ship.cpp Tanker.cpp
         Tanker.cpp
         Ship.cpp
         Service.cpp
         Pirate.cpp
         Passenger.cpp
         Main.cpp
         GridPoint.cpp
         Explorer.cpp
         Commercial.cpp
         Generating Code...
       Link:
         C:\Program Files (x86)\Microsoft Visual Studio 14.0\VC\bin\link.exe /ERRORREPORT:PROMPT /OUT:"C:\Users\Ezlen\documents\visual studio 2015\Projects\Cpp_2015_CEID\Debug\Cpp_2015_CEID.exe" /INCREMENTAL /NOLOGO kernel32.lib user32.lib gdi32.lib winspool.lib comdlg32.lib advapi32.lib shell32.lib ole32.lib oleaut32.lib uuid.lib odbc32.lib odbccp32.lib /MANIFEST /MANIFESTUAC:"level='asInvoker' uiAccess='false'" /manifest:embed /Debug /PDB:"C:\Users\Ezlen\documents\visual studio 2015\Projects\Cpp_2015_CEID\Debug\Cpp_2015_CEID.pdb" /SUBSYSTEM:CONSOLE /TLBID:1 /DYNAMICBASE /NXCOMPAT /IMPLIB:"C:\Users\Ezlen\documents\visual studio 2015\Projects\Cpp_2015_CEID\Debug\Cpp_2015_CEID.lib" /MACHINE:X86 Debug\Commercial.obj
         Debug\Explorer.obj
         Debug\GridPoint.obj
         Debug\Main.obj
         Debug\Passenger.obj
         Debug\Pirate.obj
         Debug\Service.obj
         Debug\Ship.obj
         Debug\Tanker.obj
         Cpp_2015_CEID.vcxproj -> C:\Users\Ezlen\documents\visual studio 2015\Projects\Cpp_2015_CEID\Debug\Cpp_2015_CEID.exe
     1>Done Building Project "C:\Users\Ezlen\documents\visual studio 2015\Projects\Cpp_2015_CEID\Cpp_2015_CEID\Cpp_2015_CEID.vcxproj" (Rebuild target(s)).

Build succeeded.

Time Elapsed 00:00:06.90
